

Processing HomeController#index (for 127.0.0.1 at 2010-02-28 19:53:01) [GET]
Rendering template within layouts/home
Rendering home/index
Completed in 219ms (View: 203, DB: 16) | 200 OK [http://localhost/]


Processing RanksController#show (for 127.0.0.1 at 2010-02-28 19:53:03) [GET]
  Parameters: {"id"=>"2-wolf"}
Redirected to http://localhost:3000/ranks/2-wolf/badges/4-wolf-badge
Completed in 16ms (DB: 0) | 302 Found [http://localhost/ranks/2-wolf]


Processing BadgesController#show (for 127.0.0.1 at 2010-02-28 19:53:03) [GET]
  Parameters: {"id"=>"4-wolf-badge", "rank_id"=>"2-wolf"}
Rendering template within layouts/application
Rendering badges/show
Completed in 62ms (View: 47, DB: 0) | 200 OK [http://localhost/ranks/2-wolf/badges/4-wolf-badge]


Processing RanksController#show (for 127.0.0.1 at 2010-02-28 19:53:08) [GET]
  Parameters: {"id"=>"1-tiger"}
Redirected to http://localhost:3000/ranks/1-tiger/badges/1-tiger-cub
Completed in 0ms (DB: 0) | 302 Found [http://localhost/ranks/1-tiger]


Processing BadgesController#show (for 127.0.0.1 at 2010-02-28 19:53:08) [GET]
  Parameters: {"id"=>"1-tiger-cub", "rank_id"=>"1-tiger"}
Rendering template within layouts/application
Rendering badges/show
Completed in 16ms (View: 16, DB: 0) | 200 OK [http://localhost/ranks/1-tiger/badges/1-tiger-cub]


Processing HomeController#index (for 127.0.0.1 at 2010-02-28 19:54:50) [GET]
Rendering template within layouts/home
Rendering home/index
Completed in 0ms (View: 0, DB: 0) | 200 OK [http://localhost/]


Processing RanksController#show (for 127.0.0.1 at 2010-02-28 19:54:51) [GET]
  Parameters: {"id"=>"2-wolf"}
Redirected to http://localhost:3000/ranks/2-wolf/badges/4-wolf-badge
Completed in 16ms (DB: 16) | 302 Found [http://localhost/ranks/2-wolf]


Processing BadgesController#show (for 127.0.0.1 at 2010-02-28 19:54:51) [GET]
  Parameters: {"id"=>"4-wolf-badge", "rank_id"=>"2-wolf"}
Rendering template within layouts/application
Rendering badges/show
Completed in 15ms (View: 15, DB: 0) | 200 OK [http://localhost/ranks/2-wolf/badges/4-wolf-badge]


Processing UsersController#save_tasks (for 127.0.0.1 at 2010-02-28 19:54:53) [POST]
  Parameters: {"task"=>"5", "show"=>"true"}
Rendering users/save_tasks
Completed in 140ms (View: 0, DB: 0) | 200 OK [http://localhost/users/save_tasks]


Processing UsersController#save_tasks (for 127.0.0.1 at 2010-02-28 19:54:54) [POST]
  Parameters: {"task"=>"5", "show"=>"false"}
Rendering users/save_tasks
Completed in 94ms (View: 0, DB: 0) | 200 OK [http://localhost/users/save_tasks]


Processing HomeController#index (for 127.0.0.1 at 2010-03-01 12:00:22) [GET]
Rendering template within layouts/home
Rendering home/index
Completed in 2484ms (View: 2437, DB: 47) | 200 OK [http://localhost/]


Processing UsersController#new (for 127.0.0.1 at 2010-03-01 12:00:27) [GET]
Rendering template within layouts/application
Rendering users/new
Completed in 16ms (View: 16, DB: 0) | 200 OK [http://localhost/users/new]


Processing UsersController#new (for 127.0.0.1 at 2010-03-01 12:00:58) [GET]
Rendering template within layouts/application
Rendering users/new
Completed in 0ms (View: 0, DB: 0) | 200 OK [http://localhost/users/new]
